<?xml version="1.0" encoding="UTF-8"?>
<testng-results skipped="0" failed="0" total="2" passed="2">
  <reporter-output>
  </reporter-output>
  <suite name="Suite" duration-ms="93570" started-at="2018-07-04T11:29:43Z" finished-at="2018-07-04T11:31:16Z">
    <groups>
    </groups>
    <test name="Test" duration-ms="93570" started-at="2018-07-04T11:29:43Z" finished-at="2018-07-04T11:31:16Z">
      <class name="com.gmail.testcases.GmailSignupTest">
        <test-method status="PASS" signature="setUp()[pri:0, instance:com.gmail.testcases.GmailSignupTest@2d554825]" name="setUp" is-config="true" duration-ms="38541" started-at="2018-07-04T16:59:44Z" finished-at="2018-07-04T17:00:22Z">
          <reporter-output>
          </reporter-output>
        </test-method> <!-- setUp -->
        <test-method status="PASS" signature="gmailSignupTest1(java.lang.String, java.lang.String, java.lang.String, java.lang.String, java.lang.String)[pri:0, instance:com.gmail.testcases.GmailSignupTest@2d554825]" name="gmailSignupTest1" duration-ms="18090" started-at="2018-07-04T17:00:22Z" data-provider="getTestData1" finished-at="2018-07-04T17:00:40Z">
          <params>
            <param index="0">
              <value>
                <![CDATA[Vishwa]]>
              </value>
            </param>
            <param index="1">
              <value>
                <![CDATA[cr007]]>
              </value>
            </param>
            <param index="2">
              <value>
                <![CDATA[vishwaCR0007]]>
              </value>
            </param>
            <param index="3">
              <value>
                <![CDATA[Vishwa007$]]>
              </value>
            </param>
            <param index="4">
              <value>
                <![CDATA[Vishwa007$]]>
              </value>
            </param>
          </params>
          <reporter-output>
          </reporter-output>
        </test-method> <!-- gmailSignupTest1 -->
        <test-method status="PASS" signature="tearDown()[pri:0, instance:com.gmail.testcases.GmailSignupTest@2d554825]" name="tearDown" is-config="true" duration-ms="309" started-at="2018-07-04T17:00:40Z" finished-at="2018-07-04T17:00:41Z">
          <reporter-output>
          </reporter-output>
        </test-method> <!-- tearDown -->
        <test-method status="PASS" signature="setUp()[pri:0, instance:com.gmail.testcases.GmailSignupTest@2d554825]" name="setUp" is-config="true" duration-ms="15513" started-at="2018-07-04T17:00:41Z" finished-at="2018-07-04T17:00:56Z">
          <reporter-output>
          </reporter-output>
        </test-method> <!-- setUp -->
        <test-method status="PASS" signature="gmailSignupTest1(java.lang.String, java.lang.String, java.lang.String, java.lang.String, java.lang.String)[pri:0, instance:com.gmail.testcases.GmailSignupTest@2d554825]" name="gmailSignupTest1" duration-ms="17548" started-at="2018-07-04T17:00:56Z" data-provider="getTestData1" finished-at="2018-07-04T17:01:14Z">
          <params>
            <param index="0">
              <value>
                <![CDATA[Vishu]]>
              </value>
            </param>
            <param index="1">
              <value>
                <![CDATA[cr0007]]>
              </value>
            </param>
            <param index="2">
              <value>
                <![CDATA[vishwaCR00007]]>
              </value>
            </param>
            <param index="3">
              <value>
                <![CDATA[Vishwa007$$]]>
              </value>
            </param>
            <param index="4">
              <value>
                <![CDATA[Vishwa007$$]]>
              </value>
            </param>
          </params>
          <reporter-output>
          </reporter-output>
        </test-method> <!-- gmailSignupTest1 -->
        <test-method status="PASS" signature="tearDown()[pri:0, instance:com.gmail.testcases.GmailSignupTest@2d554825]" name="tearDown" is-config="true" duration-ms="2433" started-at="2018-07-04T17:01:14Z" finished-at="2018-07-04T17:01:16Z">
          <reporter-output>
          </reporter-output>
        </test-method> <!-- tearDown -->
      </class> <!-- com.gmail.testcases.GmailSignupTest -->
    </test> <!-- Test -->
  </suite> <!-- Suite -->
</testng-results>
