<?xml version="1.0" encoding="UTF-8"?>
<testng-results skipped="0" failed="0" total="2" passed="2">
  <reporter-output>
  </reporter-output>
  <suite name="Suite" duration-ms="81253" started-at="2018-07-04T12:35:01Z" finished-at="2018-07-04T12:36:22Z">
    <groups>
    </groups>
    <test name="Test" duration-ms="81253" started-at="2018-07-04T12:35:01Z" finished-at="2018-07-04T12:36:22Z">
      <class name="com.gmail.testcases.GmailSignupTest">
        <test-method status="PASS" signature="setUp()[pri:0, instance:com.gmail.testcases.GmailSignupTest@1d057a39]" name="setUp" is-config="true" duration-ms="29444" started-at="2018-07-04T18:05:02Z" finished-at="2018-07-04T18:05:31Z">
          <reporter-output>
          </reporter-output>
        </test-method> <!-- setUp -->
        <test-method status="PASS" signature="gmailSignupTest1(java.lang.String, java.lang.String, java.lang.String, java.lang.String, java.lang.String)[pri:0, instance:com.gmail.testcases.GmailSignupTest@1d057a39]" name="gmailSignupTest1" duration-ms="19211" started-at="2018-07-04T18:05:31Z" data-provider="getTestData1" finished-at="2018-07-04T18:05:50Z">
          <params>
            <param index="0">
              <value>
                <![CDATA[Vishwa]]>
              </value>
            </param>
            <param index="1">
              <value>
                <![CDATA[cr007]]>
              </value>
            </param>
            <param index="2">
              <value>
                <![CDATA[vishwaCR0007]]>
              </value>
            </param>
            <param index="3">
              <value>
                <![CDATA[Vishwa007$]]>
              </value>
            </param>
            <param index="4">
              <value>
                <![CDATA[Vishwa007$]]>
              </value>
            </param>
          </params>
          <reporter-output>
          </reporter-output>
        </test-method> <!-- gmailSignupTest1 -->
        <test-method status="PASS" signature="tearDown()[pri:0, instance:com.gmail.testcases.GmailSignupTest@1d057a39]" name="tearDown" is-config="true" duration-ms="485" started-at="2018-07-04T18:05:50Z" finished-at="2018-07-04T18:05:51Z">
          <reporter-output>
          </reporter-output>
        </test-method> <!-- tearDown -->
        <test-method status="PASS" signature="setUp()[pri:0, instance:com.gmail.testcases.GmailSignupTest@1d057a39]" name="setUp" is-config="true" duration-ms="12982" started-at="2018-07-04T18:05:51Z" finished-at="2018-07-04T18:06:04Z">
          <reporter-output>
          </reporter-output>
        </test-method> <!-- setUp -->
        <test-method status="PASS" signature="gmailSignupTest1(java.lang.String, java.lang.String, java.lang.String, java.lang.String, java.lang.String)[pri:0, instance:com.gmail.testcases.GmailSignupTest@1d057a39]" name="gmailSignupTest1" duration-ms="17588" started-at="2018-07-04T18:06:04Z" data-provider="getTestData1" finished-at="2018-07-04T18:06:21Z">
          <params>
            <param index="0">
              <value>
                <![CDATA[Vishu]]>
              </value>
            </param>
            <param index="1">
              <value>
                <![CDATA[cr0007]]>
              </value>
            </param>
            <param index="2">
              <value>
                <![CDATA[vishwaCR00007]]>
              </value>
            </param>
            <param index="3">
              <value>
                <![CDATA[Vishwa007$$]]>
              </value>
            </param>
            <param index="4">
              <value>
                <![CDATA[Vishwa007$$]]>
              </value>
            </param>
          </params>
          <reporter-output>
          </reporter-output>
        </test-method> <!-- gmailSignupTest1 -->
        <test-method status="PASS" signature="tearDown()[pri:0, instance:com.gmail.testcases.GmailSignupTest@1d057a39]" name="tearDown" is-config="true" duration-ms="434" started-at="2018-07-04T18:06:21Z" finished-at="2018-07-04T18:06:22Z">
          <reporter-output>
          </reporter-output>
        </test-method> <!-- tearDown -->
      </class> <!-- com.gmail.testcases.GmailSignupTest -->
    </test> <!-- Test -->
  </suite> <!-- Suite -->
</testng-results>
