<?xml version="1.0" encoding="UTF-8"?>
<testng-results skipped="0" failed="1" total="1" passed="0">
  <reporter-output>
  </reporter-output>
  <suite name="Default suite" duration-ms="48962" started-at="2018-07-18T05:32:48Z" finished-at="2018-07-18T05:33:37Z">
    <groups>
    </groups>
    <test name="Default test" duration-ms="48962" started-at="2018-07-18T05:32:48Z" finished-at="2018-07-18T05:33:37Z">
      <class name="com.gmail.testcases.SikuliSignIn">
        <test-method status="PASS" signature="setUp()[pri:0, instance:com.gmail.testcases.SikuliSignIn@59fa1d9b]" name="setUp" is-config="true" duration-ms="19434" started-at="2018-07-18T11:02:49Z" finished-at="2018-07-18T11:03:08Z">
          <reporter-output>
          </reporter-output>
        </test-method> <!-- setUp -->
        <test-method status="FAIL" signature="login_logout_test()[pri:0, instance:com.gmail.testcases.SikuliSignIn@59fa1d9b]" name="login_logout_test" duration-ms="28516" started-at="2018-07-18T11:03:08Z" finished-at="2018-07-18T11:03:36Z">
          <exception class="org.sikuli.script.FindFailed">
            <message>
              <![CDATA[C:/Workspace/GmailSignUp/sikuli_images/arrow_logout.png: (45x44) in S(0)[0,0 1366x768] E:Y, T:3.0]]>
            </message>
            <full-stacktrace>
              <![CDATA[FindFailed: C:/Workspace/GmailSignUp/sikuli_images/arrow_logout.png: (45x44) in S(0)[0,0 1366x768] E:Y, T:3.0
  Line 2759, in file Region.java

	at org.sikuli.script.Region.wait(Region.java:2759)
	at org.sikuli.script.Region.find(Region.java:2336)
	at org.sikuli.script.Region.getLocationFromTarget(Region.java:3213)
	at org.sikuli.script.Region.click(Region.java:3698)
	at org.sikuli.script.Region.click(Region.java:3683)
	at com.gmail.testcases.SikuliSignIn.login_logout_test(SikuliSignIn.java:71)
	at sun.reflect.NativeMethodAccessorImpl.invoke0(Native Method)
	at sun.reflect.NativeMethodAccessorImpl.invoke(Unknown Source)
	at sun.reflect.DelegatingMethodAccessorImpl.invoke(Unknown Source)
	at java.lang.reflect.Method.invoke(Unknown Source)
	at org.testng.internal.MethodInvocationHelper.invokeMethod(MethodInvocationHelper.java:80)
	at org.testng.internal.Invoker.invokeMethod(Invoker.java:714)
	at org.testng.internal.Invoker.invokeTestMethod(Invoker.java:901)
	at org.testng.internal.Invoker.invokeTestMethods(Invoker.java:1231)
	at org.testng.internal.TestMethodWorker.invokeTestMethods(TestMethodWorker.java:127)
	at org.testng.internal.TestMethodWorker.run(TestMethodWorker.java:111)
	at org.testng.TestRunner.privateRun(TestRunner.java:767)
	at org.testng.TestRunner.run(TestRunner.java:617)
	at org.testng.SuiteRunner.runTest(SuiteRunner.java:334)
	at org.testng.SuiteRunner.runSequentially(SuiteRunner.java:329)
	at org.testng.SuiteRunner.privateRun(SuiteRunner.java:291)
	at org.testng.SuiteRunner.run(SuiteRunner.java:240)
	at org.testng.SuiteRunnerWorker.runSuite(SuiteRunnerWorker.java:52)
	at org.testng.SuiteRunnerWorker.run(SuiteRunnerWorker.java:86)
	at org.testng.TestNG.runSuitesSequentially(TestNG.java:1198)
	at org.testng.TestNG.runSuitesLocally(TestNG.java:1123)
	at org.testng.TestNG.run(TestNG.java:1031)
	at org.testng.remote.AbstractRemoteTestNG.run(AbstractRemoteTestNG.java:114)
	at org.testng.remote.RemoteTestNG.initAndRun(RemoteTestNG.java:251)
	at org.testng.remote.RemoteTestNG.main(RemoteTestNG.java:77)
]]>
            </full-stacktrace>
          </exception> <!-- org.sikuli.script.FindFailed -->
          <reporter-output>
          </reporter-output>
        </test-method> <!-- login_logout_test -->
        <test-method status="PASS" signature="closeBrowser()[pri:0, instance:com.gmail.testcases.SikuliSignIn@59fa1d9b]" name="closeBrowser" is-config="true" duration-ms="839" started-at="2018-07-18T11:03:37Z" finished-at="2018-07-18T11:03:37Z">
          <reporter-output>
          </reporter-output>
        </test-method> <!-- closeBrowser -->
      </class> <!-- com.gmail.testcases.SikuliSignIn -->
    </test> <!-- Default test -->
  </suite> <!-- Default suite -->
</testng-results>
